2263 : 2024-10-16 09:49:39,765 : INFO : telemetry.main : Attempt start. Configuration directory [/home/Terraform/.azure]. Cache directory [/home/Terraform/.azure/telemetry/20241016094939659].
2263 : 2024-10-16 09:49:39,765 : INFO : telemetry.records : 1 cache files to upload.
2263 : 2024-10-16 09:49:39,765 : INFO : telemetry.records : Processed file /home/Terraform/.azure/telemetry/20241016094939659/cache into 1 records.
2263 : 2024-10-16 09:49:39,765 : INFO : telemetry.records : Remove directory /home/Terraform/.azure/telemetry/20241016094939659
2263 : 2024-10-16 09:49:39,766 : INFO : telemetry.client : Accumulated 1 events. Flush the clients.
2263 : 2024-10-16 09:49:39,766 : INFO : telemetry.client : Flush client c4395b75-49cc-422c-bc95-c7d51aef5d46.
2263 : 2024-10-16 09:49:39,895 : INFO : telemetry.sender : Sending 3922 bytes
2263 : 2024-10-16 09:49:39,896 : INFO : telemetry.sender : Finish uploading in 0.129544 seconds.
2296 : 2024-10-16 09:51:45,864 : INFO : telemetry.main : Attempt start. Configuration directory [/home/Terraform/.azure]. Cache directory [/home/Terraform/.azure/telemetry/20241016095145756].
2296 : 2024-10-16 09:51:45,864 : INFO : telemetry.records : 1 cache files to upload.
2296 : 2024-10-16 09:51:45,864 : INFO : telemetry.records : Processed file /home/Terraform/.azure/telemetry/20241016095145756/cache into 1 records.
2296 : 2024-10-16 09:51:45,864 : INFO : telemetry.records : Remove directory /home/Terraform/.azure/telemetry/20241016095145756
2296 : 2024-10-16 09:51:45,865 : INFO : telemetry.client : Accumulated 1 events. Flush the clients.
2296 : 2024-10-16 09:51:45,865 : INFO : telemetry.client : Flush client c4395b75-49cc-422c-bc95-c7d51aef5d46.
2296 : 2024-10-16 09:51:46,030 : INFO : telemetry.sender : Sending 4184 bytes
2296 : 2024-10-16 09:51:46,030 : INFO : telemetry.sender : Finish uploading in 0.165072 seconds.
2319 : 2024-10-16 09:53:03,791 : INFO : telemetry.main : Attempt start. Configuration directory [/home/Terraform/.azure]. Cache directory [/home/Terraform/.azure/telemetry/20241016095303655].
2319 : 2024-10-16 09:53:03,792 : INFO : telemetry.records : 1 cache files to upload.
2319 : 2024-10-16 09:53:03,792 : INFO : telemetry.records : Processed file /home/Terraform/.azure/telemetry/20241016095303655/cache into 1 records.
2319 : 2024-10-16 09:53:03,793 : INFO : telemetry.records : Remove directory /home/Terraform/.azure/telemetry/20241016095303655
2319 : 2024-10-16 09:53:03,793 : INFO : telemetry.client : Accumulated 1 events. Flush the clients.
2319 : 2024-10-16 09:53:03,793 : INFO : telemetry.client : Flush client c4395b75-49cc-422c-bc95-c7d51aef5d46.
2319 : 2024-10-16 09:53:03,917 : INFO : telemetry.sender : Sending 4169 bytes
2319 : 2024-10-16 09:53:03,918 : INFO : telemetry.sender : Finish uploading in 0.123761 seconds.
4005 : 2024-10-16 11:28:42,672 : INFO : telemetry.main : Attempt start. Configuration directory [/home/Terraform/.azure]. Cache directory [/home/Terraform/.azure/telemetry/20241016112842537].
4005 : 2024-10-16 11:28:42,672 : INFO : telemetry.records : 1 cache files to upload.
4005 : 2024-10-16 11:28:42,673 : INFO : telemetry.records : Processed file /home/Terraform/.azure/telemetry/20241016112842537/cache into 1 records.
4005 : 2024-10-16 11:28:42,673 : INFO : telemetry.records : Remove directory /home/Terraform/.azure/telemetry/20241016112842537
4005 : 2024-10-16 11:28:42,673 : INFO : telemetry.client : Accumulated 1 events. Flush the clients.
4005 : 2024-10-16 11:28:42,674 : INFO : telemetry.client : Flush client c4395b75-49cc-422c-bc95-c7d51aef5d46.
4005 : 2024-10-16 11:28:42,799 : INFO : telemetry.sender : Sending 4093 bytes
4005 : 2024-10-16 11:28:42,800 : INFO : telemetry.sender : Finish uploading in 0.125836 seconds.
4037 : 2024-10-16 11:31:21,207 : INFO : telemetry.main : Attempt start. Configuration directory [/home/Terraform/.azure]. Cache directory [/home/Terraform/.azure/telemetry/20241016113121090].
4037 : 2024-10-16 11:31:21,208 : INFO : telemetry.records : 1 cache files to upload.
4037 : 2024-10-16 11:31:21,208 : INFO : telemetry.records : Processed file /home/Terraform/.azure/telemetry/20241016113121090/cache into 1 records.
4037 : 2024-10-16 11:31:21,208 : INFO : telemetry.records : Remove directory /home/Terraform/.azure/telemetry/20241016113121090
4037 : 2024-10-16 11:31:21,209 : INFO : telemetry.client : Accumulated 1 events. Flush the clients.
4037 : 2024-10-16 11:31:21,209 : INFO : telemetry.client : Flush client c4395b75-49cc-422c-bc95-c7d51aef5d46.
4037 : 2024-10-16 11:31:21,345 : INFO : telemetry.sender : Sending 4184 bytes
4037 : 2024-10-16 11:31:21,346 : INFO : telemetry.sender : Finish uploading in 0.136714 seconds.
